已經開始建置於 2015/6/1 上午 12:30:37。
     1>節點 2 (Build 目標) 上的專案 "C:\Users\momo\Desktop\XAudio2BasicSound\XAudio2BasicSound_2012_DXSDK.vcxproj"。
     1>ClCompile:
         C:\Program Files (x86)\Microsoft Visual Studio 12.0\VC\bin\CL.exe /c /I..\Common /Zi /nologo /W4 /WX- /O2 /Oi /Oy- /GL /D WIN32 /D NDEBUG /D _CONSOLE /D _WIN32_WINNT=0x0600 /D _UNICODE /D UNICODE /Gm- /EHsc /MD /GS /Gy /arch:SSE2 /fp:fast /Zc:wchar_t /Zc:forScope /openmp- /Fo"Release\\" /Fd"Release\vc120.pdb" /Gd /TP /analyze- /errorReport:prompt  WAVFileReader.cpp XAudio2BasicSound.cpp
         WAVFileReader.cpp
         XAudio2BasicSound.cpp
     1>XAudio2BasicSound.cpp(274): warning C4244: '=' : 將 'double' 轉換為 'float'，由於類型不同，可能導致資料遺失
     1>XAudio2BasicSound.cpp(288): warning C4244: '引數' : 將 'double' 轉換為 'float'，由於類型不同，可能導致資料遺失
     1>XAudio2BasicSound.cpp(295): warning C4244: '引數' : 將 'double' 轉換為 'float'，由於類型不同，可能導致資料遺失
     1>XAudio2BasicSound.cpp(300): warning C4244: '=' : 將 'double' 轉換為 'float'，由於類型不同，可能導致資料遺失
     1>XAudio2BasicSound.cpp(306): warning C4244: '=' : 將 'double' 轉換為 'float'，由於類型不同，可能導致資料遺失
       Link:
         C:\Program Files (x86)\Microsoft Visual Studio 12.0\VC\bin\link.exe /ERRORREPORT:PROMPT /OUT:"C:\Users\momo\Desktop\XAudio2BasicSound\Release\XAudio2BasicSoundDX.exe" /INCREMENTAL:NO /NOLOGO kernel32.lib user32.lib gdi32.lib winspool.lib comdlg32.lib advapi32.lib shell32.lib ole32.lib oleaut32.lib uuid.lib odbc32.lib odbccp32.lib /MANIFEST /MANIFESTUAC:"level='asInvoker' uiAccess='false'" /manifest:embed /manifestinput:"C:\Program Files (x86)\Microsoft Visual Studio 12.0\VC\Include\Manifest\dpiaware.manifest" /DEBUG /PDB:"C:\Users\momo\Desktop\XAudio2BasicSound\Release\XAudio2BasicSoundDX.pdb" /SUBSYSTEM:CONSOLE /LARGEADDRESSAWARE /OPT:REF /OPT:ICF /LTCG /TLBID:1 /DYNAMICBASE /NXCOMPAT /IMPLIB:"C:\Users\momo\Desktop\XAudio2BasicSound\Release\XAudio2BasicSoundDX.lib" /MACHINE:X86 /SAFESEH  Release\WAVFileReader.obj
         Release\XAudio2BasicSound.obj
         正在產生程式碼
         已完成程式碼產生
         XAudio2BasicSound_2012_DXSDK.vcxproj -> C:\Users\momo\Desktop\XAudio2BasicSound\Release\XAudio2BasicSoundDX.exe
     1>專案 "C:\Users\momo\Desktop\XAudio2BasicSound\XAudio2BasicSound_2012_DXSDK.vcxproj" (Build 目標) 建置完成。

建置成功。

經過時間 00:00:01.15
